<?xml version="1.0" encoding="UTF-8"?>
<!-- Generated by org.testng.reporters.JUnitXMLReporter -->
<testsuite hostname="Mds-MacBook-Pro.local" ignored="0" name="E-Commerce Project" tests="4" failures="0" timestamp="29 Dec 2018 09:37:25 GMT" time="43.949" errors="0">
  <testcase name="searchTest" time="1.509" classname="test.pageobjects.HomePageTest"/>
  <testcase name="contactUsTest" time="0.941" classname="test.pageobjects.ContactUsPageTest"/>
  <testcase name="SignUpTest" time="13.204" classname="test.pageobjects.SignUpTest"/>
  <testcase name="LogInTest" time="11.419" classname="test.pageobjects.LogInTest"/>
</testsuite> <!-- E-Commerce Project -->
