<?xml version="1.0" encoding="UTF-8"?>
<testsuite xmlns:xsi="http://www.w3.org/2001/XMLSchema-instance" xsi:noNamespaceSchemaLocation="https://maven.apache.org/surefire/maven-surefire-plugin/xsd/surefire-test-report.xsd" name="TestSuite" time="58.972" tests="4" errors="0" skipped="0" failures="0">
  <properties>
[...]
</properties>
  <testcase name="searchTest" classname="test.pageobjects.HomePageTest" time="1.834"/>
  <testcase name="contactUsTest" classname="test.pageobjects.ContactUsPageTest" time="1.389"/>
  <testcase name="SignUpTest" classname="test.pageobjects.SignUpTest" time="13.315"/>
  <testcase name="LogInTest" classname="test.pageobjects.LogInTest" time="12.068"/>
</testsuite>