<?xml version="1.0" encoding="UTF-8"?>
<testng-results skipped="0" failed="0" ignored="0" total="4" passed="4">
  <reporter-output>
  </reporter-output>
  <suite name="Automation Framework" duration-ms="95291" started-at="2018-12-29T07:06:03Z" finished-at="2018-12-29T07:07:38Z">
    <groups>
    </groups>
    <test name="E-Commerce Project" duration-ms="95291" started-at="2018-12-29T07:06:03Z" finished-at="2018-12-29T07:07:38Z">
      <class name="test.pageobjects.LogInTest">
        <test-method status="PASS" signature="setUp(java.lang.String, java.lang.String, java.lang.String, java.lang.String, java.lang.String)[pri:0, instance:test.pageobjects.LogInTest@5a61f5df]" name="setUp" is-config="true" duration-ms="32536" started-at="2018-12-29T02:06:52Z" finished-at="2018-12-29T02:07:24Z">
          <params>
            <param index="0">
              <value>
                <![CDATA[Mac]]>
              </value>
            </param>
            <param index="1">
              <value>
                <![CDATA[10]]>
              </value>
            </param>
            <param index="2">
              <value>
                <![CDATA[firefox]]>
              </value>
            </param>
            <param index="3">
              <value>
                <![CDATA[62.0]]>
              </value>
            </param>
            <param index="4">
              <value>
                <![CDATA[http://www.buyonlinenow.com/]]>
              </value>
            </param>
          </params>
          <reporter-output>
          </reporter-output>
        </test-method> <!-- setUp -->
        <test-method status="PASS" signature="initializationOfElements()[pri:0, instance:test.pageobjects.LogInTest@5a61f5df]" name="initializationOfElements" is-config="true" duration-ms="1" started-at="2018-12-29T02:07:24Z" finished-at="2018-12-29T02:07:24Z">
          <reporter-output>
          </reporter-output>
        </test-method> <!-- initializationOfElements -->
        <test-method status="PASS" signature="LogInTest()[pri:3, instance:test.pageobjects.LogInTest@5a61f5df]" name="LogInTest" duration-ms="13213" started-at="2018-12-29T02:07:24Z" finished-at="2018-12-29T02:07:38Z">
          <reporter-output>
          </reporter-output>
        </test-method> <!-- LogInTest -->
        <test-method status="PASS" signature="closeOut()[pri:0, instance:test.pageobjects.LogInTest@5a61f5df]" name="closeOut" is-config="true" duration-ms="679" started-at="2018-12-29T02:07:38Z" finished-at="2018-12-29T02:07:38Z">
          <reporter-output>
          </reporter-output>
        </test-method> <!-- closeOut -->
      </class> <!-- test.pageobjects.LogInTest -->
      <class name="test.pageobjects.ContactUsPageTest">
        <test-method status="PASS" signature="setUp(java.lang.String, java.lang.String, java.lang.String, java.lang.String, java.lang.String)[pri:0, instance:test.pageobjects.ContactUsPageTest@54a097cc]" name="setUp" is-config="true" duration-ms="6308" started-at="2018-12-29T02:06:16Z" finished-at="2018-12-29T02:06:22Z">
          <params>
            <param index="0">
              <value>
                <![CDATA[Mac]]>
              </value>
            </param>
            <param index="1">
              <value>
                <![CDATA[10]]>
              </value>
            </param>
            <param index="2">
              <value>
                <![CDATA[firefox]]>
              </value>
            </param>
            <param index="3">
              <value>
                <![CDATA[62.0]]>
              </value>
            </param>
            <param index="4">
              <value>
                <![CDATA[http://www.buyonlinenow.com/]]>
              </value>
            </param>
          </params>
          <reporter-output>
          </reporter-output>
        </test-method> <!-- setUp -->
        <test-method status="PASS" signature="initializationOfElements()[pri:0, instance:test.pageobjects.ContactUsPageTest@54a097cc]" name="initializationOfElements" is-config="true" duration-ms="3" started-at="2018-12-29T02:06:22Z" finished-at="2018-12-29T02:06:22Z">
          <reporter-output>
          </reporter-output>
        </test-method> <!-- initializationOfElements -->
        <test-method status="PASS" signature="contactUsTest()[pri:0, instance:test.pageobjects.ContactUsPageTest@54a097cc]" name="contactUsTest" duration-ms="1541" started-at="2018-12-29T02:06:22Z" finished-at="2018-12-29T02:06:23Z">
          <reporter-output>
          </reporter-output>
        </test-method> <!-- contactUsTest -->
        <test-method status="PASS" signature="closeOut()[pri:0, instance:test.pageobjects.ContactUsPageTest@54a097cc]" name="closeOut" is-config="true" duration-ms="631" started-at="2018-12-29T02:06:23Z" finished-at="2018-12-29T02:06:24Z">
          <reporter-output>
          </reporter-output>
        </test-method> <!-- closeOut -->
      </class> <!-- test.pageobjects.ContactUsPageTest -->
      <class name="test.pageobjects.SignUpTest">
        <test-method status="PASS" signature="setUp(java.lang.String, java.lang.String, java.lang.String, java.lang.String, java.lang.String)[pri:0, instance:test.pageobjects.SignUpTest@36f6e879]" name="setUp" is-config="true" duration-ms="7646" started-at="2018-12-29T02:06:24Z" finished-at="2018-12-29T02:06:32Z">
          <params>
            <param index="0">
              <value>
                <![CDATA[Mac]]>
              </value>
            </param>
            <param index="1">
              <value>
                <![CDATA[10]]>
              </value>
            </param>
            <param index="2">
              <value>
                <![CDATA[firefox]]>
              </value>
            </param>
            <param index="3">
              <value>
                <![CDATA[62.0]]>
              </value>
            </param>
            <param index="4">
              <value>
                <![CDATA[http://www.buyonlinenow.com/]]>
              </value>
            </param>
          </params>
          <reporter-output>
          </reporter-output>
        </test-method> <!-- setUp -->
        <test-method status="PASS" signature="initializationOfElements()[pri:0, instance:test.pageobjects.SignUpTest@36f6e879]" name="initializationOfElements" is-config="true" duration-ms="0" started-at="2018-12-29T02:06:32Z" finished-at="2018-12-29T02:06:32Z">
          <reporter-output>
          </reporter-output>
        </test-method> <!-- initializationOfElements -->
        <test-method status="PASS" signature="SignUpTest()[pri:3, instance:test.pageobjects.SignUpTest@36f6e879]" name="SignUpTest" duration-ms="19450" started-at="2018-12-29T02:06:32Z" finished-at="2018-12-29T02:06:51Z">
          <reporter-output>
          </reporter-output>
        </test-method> <!-- SignUpTest -->
        <test-method status="PASS" signature="closeOut()[pri:0, instance:test.pageobjects.SignUpTest@36f6e879]" name="closeOut" is-config="true" duration-ms="635" started-at="2018-12-29T02:06:51Z" finished-at="2018-12-29T02:06:52Z">
          <reporter-output>
          </reporter-output>
        </test-method> <!-- closeOut -->
      </class> <!-- test.pageobjects.SignUpTest -->
      <class name="test.pageobjects.HomePageTest">
        <test-method status="PASS" signature="setUp(java.lang.String, java.lang.String, java.lang.String, java.lang.String, java.lang.String)[pri:0, instance:test.pageobjects.HomePageTest@7225790e]" name="setUp" is-config="true" duration-ms="9624" started-at="2018-12-29T02:06:03Z" finished-at="2018-12-29T02:06:13Z">
          <params>
            <param index="0">
              <value>
                <![CDATA[Mac]]>
              </value>
            </param>
            <param index="1">
              <value>
                <![CDATA[10]]>
              </value>
            </param>
            <param index="2">
              <value>
                <![CDATA[firefox]]>
              </value>
            </param>
            <param index="3">
              <value>
                <![CDATA[62.0]]>
              </value>
            </param>
            <param index="4">
              <value>
                <![CDATA[http://www.buyonlinenow.com/]]>
              </value>
            </param>
          </params>
          <reporter-output>
          </reporter-output>
        </test-method> <!-- setUp -->
        <test-method status="PASS" signature="initializationOfElements()[pri:0, instance:test.pageobjects.HomePageTest@7225790e]" name="initializationOfElements" is-config="true" duration-ms="78" started-at="2018-12-29T02:06:13Z" finished-at="2018-12-29T02:06:13Z">
          <reporter-output>
          </reporter-output>
        </test-method> <!-- initializationOfElements -->
        <test-method status="PASS" signature="searchTest()[pri:0, instance:test.pageobjects.HomePageTest@7225790e]" name="searchTest" duration-ms="1805" started-at="2018-12-29T02:06:13Z" finished-at="2018-12-29T02:06:14Z">
          <reporter-output>
          </reporter-output>
        </test-method> <!-- searchTest -->
        <test-method status="PASS" signature="closeOut()[pri:0, instance:test.pageobjects.HomePageTest@7225790e]" name="closeOut" is-config="true" duration-ms="1109" started-at="2018-12-29T02:06:14Z" finished-at="2018-12-29T02:06:16Z">
          <reporter-output>
          </reporter-output>
        </test-method> <!-- closeOut -->
      </class> <!-- test.pageobjects.HomePageTest -->
    </test> <!-- E-Commerce Project -->
  </suite> <!-- Automation Framework -->
</testng-results>
